<?xml version="1.0" encoding="UTF-8"?>
<!-- Generated by org.testng.reporters.JUnitXMLReporter -->
<testsuite ignored="0" hostname="workspace97g1da1qrymg4lw1.maven-57988bf4bb-89psm" failures="0" tests="2" name="HybridRunner" time="1.771" errors="0" timestamp="26 Nov 2020 15:40:40 GMT">
  <testcase classname="io.cucumber.testng.AbstractTestNGCucumberTests" name="runScenario" time="0.768">
    <skipped/>
  </testcase> <!-- runScenario -->
  <testcase classname="io.cucumber.testng.AbstractTestNGCucumberTests" name="runScenario" time="0.025">
    <skipped/>
  </testcase> <!-- runScenario -->
</testsuite> <!-- HybridRunner -->
