<?xml version="1.0" encoding="UTF-8"?>
<testsuite xmlns:xsi="http://www.w3.org/2001/XMLSchema-instance" xsi:noNamespaceSchemaLocation="https://maven.apache.org/surefire/maven-surefire-plugin/xsd/surefire-test-report.xsd" name="TestSuite" time="4.672" tests="2" errors="0" skipped="2" failures="0">
  <properties>
[...]
</properties>
  <testcase name="runScenario" classname="com.scripted.runners.APITestNGRunner" time="0">
    <skipped message="There are undefined steps"/>
    <system-out><![CDATA[2020-11-26 15:40:38 INFO  FileUtils:34 - Inside FileUtil.getFilePath method
]]></system-out>
    <system-err><![CDATA[SLF4J: Failed to load class "org.slf4j.impl.StaticLoggerBinder".
SLF4J: Defaulting to no-operation (NOP) logger implementation
SLF4J: See http://www.slf4j.org/codes.html#StaticLoggerBinder for further details.
]]></system-err>
  </testcase>
  <testcase name="runScenario" classname="com.scripted.runners.APITestNGRunner" time="0">
    <skipped message="There are undefined steps"/>
  </testcase>
</testsuite>